2024-02-09 22:05:36,426 - INFO: Datei 'berliner-beschneidungsregelung.md' wurde erfolgreich in das Zielunterverzeichnis 'berliner-beschneidungsregelung' kopiert und umbenannt.
2024-02-09 22:05:36,431 - INFO: Datei 'cagrici-necip-fazil-kisakurek.md' wurde erfolgreich in das Zielunterverzeichnis 'cagrici-necip-fazil-kisakurek' kopiert und umbenannt.
2024-02-09 22:05:36,434 - INFO: Datei 'dialog-sicherheitsbehoerden-literaturlisten.md' wurde erfolgreich in das Zielunterverzeichnis 'dialog-sicherheitsbehoerden-literaturlisten' kopiert und umbenannt.
2024-02-09 22:05:36,439 - INFO: Datei 'dialogforum-islam-oeesterreich-iggoe.md' wurde erfolgreich in das neue Zielunterverzeichnis 'dialogforum-islam-oeesterreich-iggoe' kopiert und umbenannt.
2024-02-09 22:05:36,442 - INFO: Datei 'dilettantismus-muslimische-gemeinschaft-belgien.md' wurde erfolgreich in das Zielunterverzeichnis 'dilettantismus-muslimische-gemeinschaft-belgien' kopiert und umbenannt.
2024-02-09 22:05:36,446 - INFO: Datei 'din_egitimi_dil_egitimi.md' wurde erfolgreich in das neue Zielunterverzeichnis 'din_egitimi_dil_egitimi' kopiert und umbenannt.
2024-02-09 22:05:36,452 - INFO: Datei 'duygusal_sogukluk_sorumluluk_tuerk_goecmen_toplumu.md' wurde erfolgreich in das neue Zielunterverzeichnis 'duygusal_sogukluk_sorumluluk_tuerk_goecmen_toplumu' kopiert und umbenannt.
2024-02-09 22:05:36,456 - INFO: Datei 'erwartungen-an-den-iru.md' wurde erfolgreich in das Zielunterverzeichnis 'erwartungen-an-den-iru' kopiert und umbenannt.
2024-02-09 22:05:36,459 - INFO: Datei 'etkinlik_icerik_yeterlilik.md' wurde erfolgreich in das neue Zielunterverzeichnis 'etkinlik_icerik_yeterlilik' kopiert und umbenannt.
2024-02-09 22:05:36,462 - INFO: Datei 'europaeisches-kalifat-ceric.md' wurde erfolgreich in das Zielunterverzeichnis 'europaeisches-kalifat-ceric' kopiert und umbenannt.
2024-02-09 22:05:36,466 - INFO: Datei 'frankreich-muslimische-basis.md' wurde erfolgreich in das Zielunterverzeichnis 'frankreich-muslimische-basis' kopiert und umbenannt.
2024-02-09 22:05:36,469 - INFO: Datei 'franzoesische-revolution-igmg.md' wurde erfolgreich in das Zielunterverzeichnis 'franzoesische-revolution-igmg' kopiert und umbenannt.
2024-02-09 22:05:36,474 - INFO: Datei 'freitagsgebet.md' wurde erfolgreich in das Zielunterverzeichnis 'freitagsgebet' kopiert und umbenannt.
2024-02-09 22:05:36,477 - INFO: Datei 'glauben-oder-eindeutigkeit.md' wurde erfolgreich in das Zielunterverzeichnis 'glauben-oder-eindeutigkeit' kopiert und umbenannt.
2024-02-09 22:05:36,480 - INFO: Datei 'gurbet-tuerkische-diaspora.md' wurde erfolgreich in das Zielunterverzeichnis 'gurbet-tuerkische-diaspora' kopiert und umbenannt.
2024-02-09 22:05:36,484 - INFO: Datei 'hagia-sophia-rechnung.md' wurde erfolgreich in das Zielunterverzeichnis 'hagia-sophia-rechnung' kopiert und umbenannt.
2024-02-09 22:05:36,487 - INFO: Datei 'hemseri_dernekleri_folklor_kultur.md' wurde erfolgreich in das neue Zielunterverzeichnis 'hemseri_dernekleri_folklor_kultur' kopiert und umbenannt.
2024-02-09 22:05:36,490 - INFO: Datei 'igmg-ohne-milli-gorus-fakt-oder-fiktion.md' wurde erfolgreich in das Zielunterverzeichnis 'igmg-ohne-milli-gorus-fakt-oder-fiktion' kopiert und umbenannt.
2024-02-09 22:05:36,493 - INFO: Datei 'imamausbildung-in-deutschland.md' wurde erfolgreich in das Zielunterverzeichnis 'imamausbildung-in-deutschland' kopiert und umbenannt.
2024-02-09 22:05:36,497 - INFO: Datei 'in-welcher-sprache-welche-debatte.md' wurde erfolgreich in das Zielunterverzeichnis 'in-welcher-sprache-welche-debatte' kopiert und umbenannt.
2024-02-09 22:05:36,501 - INFO: Datei 'integration-vertrauen-krisenzeiten.md' wurde erfolgreich in das Zielunterverzeichnis 'integration-vertrauen-krisenzeiten' kopiert und umbenannt.
2024-02-09 22:05:36,504 - INFO: Datei 'islamische-theologie-deutsche-universitaeten.md' wurde erfolgreich in das Zielunterverzeichnis 'islamische-theologie-deutsche-universitaeten' kopiert und umbenannt.
2024-02-09 22:05:36,507 - INFO: Datei 'journalismus-unwissen.md' wurde erfolgreich in das neue Zielunterverzeichnis 'journalismus-unwissen' kopiert und umbenannt.
2024-02-09 22:05:36,510 - INFO: Datei 'kalici_mi_gidici-mi.md' wurde erfolgreich in das neue Zielunterverzeichnis 'kalici_mi_gidici-mi' kopiert und umbenannt.
2024-02-09 22:05:36,514 - INFO: Datei 'krm_erweiterung_befreiungsschlag_verzweiflungstat.md' wurde erfolgreich in das Zielunterverzeichnis 'krm_erweiterung_befreiungsschlag_verzweiflungstat' kopiert und umbenannt.
2024-02-09 22:05:36,517 - INFO: Datei 'kuscheldialog-integrationsdebatte.md' wurde erfolgreich in das Zielunterverzeichnis 'kuscheldialog-integrationsdebatte' kopiert und umbenannt.
2024-02-09 22:05:36,521 - INFO: Datei 'lobi_calismasi_demisken.md' wurde erfolgreich in das neue Zielunterverzeichnis 'lobi_calismasi_demisken' kopiert und umbenannt.
2024-02-09 22:05:36,523 - INFO: Datei 'mesut-oezil.md' wurde erfolgreich in das Zielunterverzeichnis 'mesut-oezil' kopiert und umbenannt.
2024-02-09 22:05:36,526 - INFO: Datei 'misstrauen-gesetzesform.md' wurde erfolgreich in das Zielunterverzeichnis 'misstrauen-gesetzesform' kopiert und umbenannt.
2024-02-09 22:05:36,531 - INFO: Datei 'musluman_sosyal_hizmetÜcalismalari.md' wurde erfolgreich in das neue Zielunterverzeichnis 'musluman_sosyal_hizmetÜcalismalari' kopiert und umbenannt.
2024-02-09 22:05:36,533 - INFO: Datei 'nach-thüringen-als-muslim.md' wurde erfolgreich in das Zielunterverzeichnis 'nach-thüringen-als-muslim' kopiert und umbenannt.
2024-02-09 22:05:36,536 - INFO: Datei 'neuer-kurs-vatikan.md' wurde erfolgreich in das Zielunterverzeichnis 'neuer-kurs-vatikan' kopiert und umbenannt.
2024-02-09 22:05:36,540 - INFO: Datei 'oeffentlichkeitsarbeit-muslimischer-gemeinschaften.md' wurde erfolgreich in das Zielunterverzeichnis 'oeffentlichkeitsarbeit-muslimischer-gemeinschaften' kopiert und umbenannt.
2024-02-09 22:05:36,542 - INFO: Datei 'oeffnet-sich-die-moschee-nur-einen-tag.md' wurde erfolgreich in das Zielunterverzeichnis 'oeffnet-sich-die-moschee-nur-einen-tag' kopiert und umbenannt.
2024-02-09 22:05:36,547 - INFO: Datei 'relaunch-karahan_net.md' wurde erfolgreich in das Zielunterverzeichnis 'relaunch-karahan_net' kopiert und umbenannt.
2024-02-09 22:05:36,550 - INFO: Datei 'religion-in-inkulturalisierten-dosen.md' wurde erfolgreich in das Zielunterverzeichnis 'religion-in-inkulturalisierten-dosen' kopiert und umbenannt.
2024-02-09 22:05:36,553 - INFO: Datei 'repraesentanz-verbandslandschaft.md' wurde erfolgreich in das Zielunterverzeichnis 'repraesentanz-verbandslandschaft' kopiert und umbenannt.
2024-02-09 22:05:36,557 - INFO: Datei 'sicherer-massstab-loyaler-muslim.md' wurde erfolgreich in das Zielunterverzeichnis 'sicherer-massstab-loyaler-muslim' kopiert und umbenannt.
2024-02-09 22:05:36,560 - INFO: Datei 'sivil_topum_kurumlar\u0131m\u0131y_kurumsallasma.md' wurde erfolgreich in das neue Zielunterverzeichnis 'sivil_topum_kurumlar\u0131m\u0131y_kurumsallasma' kopiert und umbenannt.
2024-02-09 22:05:36,565 - INFO: Datei 'Spannungen-in-der-IGMG-in-Frankreich.md' wurde erfolgreich in das Zielunterverzeichnis 'Spannungen-in-der-IGMG-in-Frankreich' kopiert und umbenannt.
2024-02-09 22:05:36,568 - INFO: Datei 'speisevorschriften-islam.md' wurde erfolgreich in das Zielunterverzeichnis 'speisevorschriften-islam' kopiert und umbenannt.
2024-02-09 22:05:36,571 - INFO: Datei 'studie-muslime-europa-zugehoerig.md' wurde erfolgreich in das Zielunterverzeichnis 'studie-muslime-europa-zugehoerig' kopiert und umbenannt.
2024-02-09 22:05:36,575 - INFO: Datei 'traenen_ueberall_gleich.md' wurde erfolgreich in das Zielunterverzeichnis 'traenen_ueberall_gleich' kopiert und umbenannt.
2024-02-09 22:05:36,578 - INFO: Datei 'transformation-rueckwaerts.md' wurde erfolgreich in das Zielunterverzeichnis 'transformation-rueckwaerts' kopiert und umbenannt.
2024-02-09 22:05:36,582 - INFO: Datei 'unterdrueckueng-politische-symbole.md' wurde erfolgreich in das Zielunterverzeichnis 'unterdrueckueng-politische-symbole' kopiert und umbenannt.
2024-02-09 22:05:36,585 - INFO: Datei 'vorstandskrise-igmg.md' wurde erfolgreich in das Zielunterverzeichnis 'vorstandskrise-igmg' kopiert und umbenannt.
2024-02-09 22:05:36,588 - INFO: Datei 'waffen-gestalten-nicht.md' wurde erfolgreich in das Zielunterverzeichnis 'waffen-gestalten-nicht' kopiert und umbenannt.
2024-02-09 22:05:36,592 - INFO: Datei 'wertekonsens-pluralismus-grundgesetz.md' wurde erfolgreich in das Zielunterverzeichnis 'wertekonsens-pluralismus-grundgesetz' kopiert und umbenannt.
2024-02-09 22:05:36,596 - INFO: Datei 'wo-ist-meine-moschee.md' wurde erfolgreich in das Zielunterverzeichnis 'wo-ist-meine-moschee' kopiert und umbenannt.
2024-02-09 22:05:36,598 - INFO: Datei 'wozu-dialog.md' wurde erfolgreich in das Zielunterverzeichnis 'wozu-dialog' kopiert und umbenannt.
